<?xml version="1.0" encoding="UTF-8"?>
<!-- Generated by org.testng.reporters.JUnitReportReporter -->
<testsuite skipped="0" hostname="GCCPHXDT179427" name="com.orangehrm.qa.testcases.Loginpagetest" tests="2" failures="0" timestamp="04 Dec 2019 10:30:05 GMT" time="17.486" errors="0">
  <testcase name="loginpagetitletest" time="5.006" classname="com.orangehrm.qa.testcases.Loginpagetest"/>
  <testcase name="logintest" time="12.480" classname="com.orangehrm.qa.testcases.Loginpagetest"/>
</testsuite> <!-- com.orangehrm.qa.testcases.Loginpagetest -->
