<?xml version="1.0" encoding="UTF-8"?>
<!-- Generated by org.testng.reporters.JUnitReportReporter -->
<testsuite skipped="0" hostname="GCCPHXDT179427" name="com.orangehrm.qa.testcases.Homepagetest" tests="2" failures="0" timestamp="06 Dec 2019 09:10:00 GMT" time="38.308" errors="0">
  <testcase name="verifyhomepagesecond" time="20.901" classname="com.orangehrm.qa.testcases.Homepagetest"/>
  <testcase name="verifyhomepage" time="17.407" classname="com.orangehrm.qa.testcases.Homepagetest"/>
</testsuite> <!-- com.orangehrm.qa.testcases.Homepagetest -->
