<?xml version="1.0" encoding="UTF-8"?>
<!-- Generated by org.testng.reporters.JUnitReportReporter -->
<testsuite skipped="0" hostname="GCCPHXDT179427" name="com.orangehrm.qa.testcases.Adminpagetest" tests="5" failures="0" timestamp="09 Dec 2019 08:42:19 GMT" time="70.375" errors="0">
  <testcase name="verifyorganizationnamefieldtest" time="14.486" classname="com.orangehrm.qa.testcases.Adminpagetest"/>
  <testcase name="savegeneralinformationtest" time="15.526" classname="com.orangehrm.qa.testcases.Adminpagetest"/>
  <testcase name="savegeneralinformationtestnew" time="13.048" classname="com.orangehrm.qa.testcases.Adminpagetest"/>
  <testcase name="savegeneralinformationtestnew" time="13.641" classname="com.orangehrm.qa.testcases.Adminpagetest"/>
  <testcase name="savegeneralinformationtestnew" time="13.674" classname="com.orangehrm.qa.testcases.Adminpagetest"/>
</testsuite> <!-- com.orangehrm.qa.testcases.Adminpagetest -->
